[0.028s] Invoking command in '/home/javierre/mi_paquete_ws/build/mi_paquete_ws': CMAKE_PREFIX_PATH=${CMAKE_PREFIX_PATH}:/home/javierre/install/learning_tf2_py:/opt/ros/jazzy DEBUGINFOD_URLS=https://debuginfod.ubuntu.com /usr/bin/cmake /home/javierre/mi_paquete_ws -DAMENT_CMAKE_SYMLINK_INSTALL=1 -DCMAKE_INSTALL_PREFIX=/home/javierre/mi_paquete_ws/install/mi_paquete_ws
[0.422s] -- The C compiler identification is GNU 13.2.0
[0.713s] -- The CXX compiler identification is GNU 13.2.0
[0.759s] -- Detecting C compiler ABI info
[0.982s] -- Detecting C compiler ABI info - done
[1.007s] -- Check for working C compiler: /usr/bin/cc - skipped
[1.070s] -- Detecting C compile features
[1.071s] -- Detecting C compile features - done
[1.091s] -- Detecting CXX compiler ABI info
[1.372s] -- Detecting CXX compiler ABI info - done
[1.396s] -- Check for working CXX compiler: /usr/bin/c++ - skipped
[1.396s] -- Detecting CXX compile features
[1.397s] -- Detecting CXX compile features - done
[1.461s] -- Found ament_cmake: 2.5.2 (/opt/ros/jazzy/share/ament_cmake/cmake)
[1.959s] -- Found Python3: /usr/bin/python3 (found version "3.12.3") found components: Interpreter 
[2.152s] -- Override CMake install command with custom implementation using symlinks instead of copying resources
[2.259s] -- Found ament_lint_auto: 0.17.1 (/opt/ros/jazzy/share/ament_lint_auto/cmake)
[2.534s] -- Added test 'cppcheck' to perform static code analysis on C / C++ code
[2.534s] -- Configured cppcheck include dirs: 
[2.535s] -- Configured cppcheck exclude dirs and/or files: 
[2.537s] -- Added test 'flake8' to check Python code syntax and style conventions
[2.538s] -- Configured 'flake8' exclude dirs and/or files: 
[2.542s] -- Added test 'lint_cmake' to check CMake code style
[2.545s] -- Added test 'pep257' to check Python code against some of the docstring style conventions in PEP 257
[2.560s] -- Added test 'uncrustify' to check C / C++ code style
[2.560s] -- Configured uncrustify additional arguments: 
[2.563s] -- Added test 'xmllint' to check XML markup files
[2.569s] -- Configuring done (2.5s)
[2.579s] -- Generating done (0.0s)
[2.582s] -- Build files have been written to: /home/javierre/mi_paquete_ws/build/mi_paquete_ws
[2.594s] Invoked command in '/home/javierre/mi_paquete_ws/build/mi_paquete_ws' returned '0': CMAKE_PREFIX_PATH=${CMAKE_PREFIX_PATH}:/home/javierre/install/learning_tf2_py:/opt/ros/jazzy DEBUGINFOD_URLS=https://debuginfod.ubuntu.com /usr/bin/cmake /home/javierre/mi_paquete_ws -DAMENT_CMAKE_SYMLINK_INSTALL=1 -DCMAKE_INSTALL_PREFIX=/home/javierre/mi_paquete_ws/install/mi_paquete_ws
[2.597s] Invoking command in '/home/javierre/mi_paquete_ws/build/mi_paquete_ws': CMAKE_PREFIX_PATH=${CMAKE_PREFIX_PATH}:/home/javierre/install/learning_tf2_py:/opt/ros/jazzy DEBUGINFOD_URLS=https://debuginfod.ubuntu.com /usr/bin/cmake --build /home/javierre/mi_paquete_ws/build/mi_paquete_ws -- -j4 -l4
[2.676s] Invoked command in '/home/javierre/mi_paquete_ws/build/mi_paquete_ws' returned '0': CMAKE_PREFIX_PATH=${CMAKE_PREFIX_PATH}:/home/javierre/install/learning_tf2_py:/opt/ros/jazzy DEBUGINFOD_URLS=https://debuginfod.ubuntu.com /usr/bin/cmake --build /home/javierre/mi_paquete_ws/build/mi_paquete_ws -- -j4 -l4
[2.744s] Invoking command in '/home/javierre/mi_paquete_ws/build/mi_paquete_ws': CMAKE_PREFIX_PATH=${CMAKE_PREFIX_PATH}:/home/javierre/install/learning_tf2_py:/opt/ros/jazzy DEBUGINFOD_URLS=https://debuginfod.ubuntu.com /usr/bin/cmake --install /home/javierre/mi_paquete_ws/build/mi_paquete_ws
[2.760s] -- Install configuration: ""
[2.761s] -- Execute custom install script
[2.762s] -- Symlinking: /home/javierre/mi_paquete_ws/install/mi_paquete_ws/share/mi_paquete_ws/launch/listener.launch.py
[2.781s] -- Symlinking: /home/javierre/mi_paquete_ws/install/mi_paquete_ws/share/mi_paquete_ws/launch/talker.launch.py
[2.799s] -- Symlinking: /home/javierre/mi_paquete_ws/install/mi_paquete_ws/share/ament_index/resource_index/package_run_dependencies/mi_paquete_ws
[2.826s] -- Symlinking: /home/javierre/mi_paquete_ws/install/mi_paquete_ws/share/ament_index/resource_index/parent_prefix_path/mi_paquete_ws
[2.846s] -- Symlinking: /home/javierre/mi_paquete_ws/install/mi_paquete_ws/share/mi_paquete_ws/environment/ament_prefix_path.sh
[2.864s] -- Symlinking: /home/javierre/mi_paquete_ws/install/mi_paquete_ws/share/mi_paquete_ws/environment/ament_prefix_path.dsv
[2.882s] -- Symlinking: /home/javierre/mi_paquete_ws/install/mi_paquete_ws/share/mi_paquete_ws/environment/path.sh
[2.900s] -- Symlinking: /home/javierre/mi_paquete_ws/install/mi_paquete_ws/share/mi_paquete_ws/environment/path.dsv
[2.918s] -- Symlinking: /home/javierre/mi_paquete_ws/install/mi_paquete_ws/share/mi_paquete_ws/local_setup.bash
[2.938s] -- Symlinking: /home/javierre/mi_paquete_ws/install/mi_paquete_ws/share/mi_paquete_ws/local_setup.sh
[2.956s] -- Symlinking: /home/javierre/mi_paquete_ws/install/mi_paquete_ws/share/mi_paquete_ws/local_setup.zsh
[2.974s] -- Symlinking: /home/javierre/mi_paquete_ws/install/mi_paquete_ws/share/mi_paquete_ws/local_setup.dsv
[2.992s] -- Symlinking: /home/javierre/mi_paquete_ws/install/mi_paquete_ws/share/mi_paquete_ws/package.dsv
[3.011s] -- Symlinking: /home/javierre/mi_paquete_ws/install/mi_paquete_ws/share/ament_index/resource_index/packages/mi_paquete_ws
[3.030s] -- Symlinking: /home/javierre/mi_paquete_ws/install/mi_paquete_ws/share/mi_paquete_ws/cmake/mi_paquete_wsConfig.cmake
[3.054s] -- Symlinking: /home/javierre/mi_paquete_ws/install/mi_paquete_ws/share/mi_paquete_ws/cmake/mi_paquete_wsConfig-version.cmake
[3.071s] -- Symlinking: /home/javierre/mi_paquete_ws/install/mi_paquete_ws/share/mi_paquete_ws/package.xml
[3.092s] Invoked command in '/home/javierre/mi_paquete_ws/build/mi_paquete_ws' returned '0': CMAKE_PREFIX_PATH=${CMAKE_PREFIX_PATH}:/home/javierre/install/learning_tf2_py:/opt/ros/jazzy DEBUGINFOD_URLS=https://debuginfod.ubuntu.com /usr/bin/cmake --install /home/javierre/mi_paquete_ws/build/mi_paquete_ws
